#-----------------------------------------------------------
# Vivado v2019.1 (64-bit)
# SW Build 2552052 on Fri May 24 14:49:42 MDT 2019
# IP Build 2548770 on Fri May 24 18:01:18 MDT 2019
# Start of session at: Thu Sep 11 00:25:07 2025
# Process ID: 2244
# Current directory: C:/HamzaMateen/Architecture/_21_lab_RISC_V_Pipelining
# Command line: vivado.exe -gui_launcher_event rodinguilauncherevent11128 C:\HamzaMateen\Architecture\_21_lab_RISC_V_Pipelining\_18_lab.xpr
# Log file: C:/HamzaMateen/Architecture/_21_lab_RISC_V_Pipelining/vivado.log
# Journal file: C:/HamzaMateen/Architecture/_21_lab_RISC_V_Pipelining\vivado.jou
#-----------------------------------------------------------
start_gui
open_project C:/HamzaMateen/Architecture/_21_lab_RISC_V_Pipelining/_18_lab.xpr
Scanning sources...
Finished scanning sources
INFO: [IP_Flow 19-234] Refreshing IP repositories
INFO: [IP_Flow 19-1704] No user IP repositories specified
INFO: [IP_Flow 19-2313] Loaded Vivado IP repository 'C:/Xilinx/Vivado/2019.1/data/ip'.
update_compile_order -fileset sources_1
exit
INFO: [Common 17-206] Exiting Vivado at Thu Sep 11 00:44:33 2025...
