#-----------------------------------------------------------
# Vivado v2019.1 (64-bit)
# SW Build 2552052 on Fri May 24 14:49:42 MDT 2019
# IP Build 2548770 on Fri May 24 18:01:18 MDT 2019
# Start of session at: Sat Sep  6 10:05:43 2025
# Process ID: 21268
# Current directory: C:/HamzaMateen/Architecture/_20_lab_sub_version
# Command line: vivado.exe -gui_launcher_event rodinguilauncherevent7848 C:\HamzaMateen\Architecture\_20_lab_sub_version\_18_lab.xpr
# Log file: C:/HamzaMateen/Architecture/_20_lab_sub_version/vivado.log
# Journal file: C:/HamzaMateen/Architecture/_20_lab_sub_version\vivado.jou
#-----------------------------------------------------------
start_gui
open_project C:/HamzaMateen/Architecture/_20_lab_sub_version/_18_lab.xpr
Scanning sources...
Finished scanning sources
INFO: [IP_Flow 19-234] Refreshing IP repositories
INFO: [IP_Flow 19-1704] No user IP repositories specified
INFO: [IP_Flow 19-2313] Loaded Vivado IP repository 'C:/Xilinx/Vivado/2019.1/data/ip'.
update_compile_order -fileset sources_1
launch_simulation
INFO: [Vivado 12-5682] Launching behavioral simulation in 'C:/HamzaMateen/Architecture/_20_lab_sub_version/_18_lab.sim/sim_1/behav/xsim'
INFO: [SIM-utils-51] Simulation object is 'sim_1'
INFO: [SIM-utils-54] Inspecting design source files for 'tb_processor' in fileset 'sim_1'...
INFO: [SIM-utils-43] Exported 'C:/HamzaMateen/Architecture/_20_lab_sub_version/_18_lab.sim/sim_1/behav/xsim/memory.mem'
INFO: [SIM-utils-43] Exported 'C:/HamzaMateen/Architecture/_20_lab_sub_version/_18_lab.sim/sim_1/behav/xsim/reg_file.mem'
INFO: [SIM-utils-43] Exported 'C:/HamzaMateen/Architecture/_20_lab_sub_version/_18_lab.sim/sim_1/behav/xsim/data_mem.mem'
INFO: [USF-XSim-97] Finding global include files...
INFO: [USF-XSim-98] Fetching design files from 'sim_1'...
INFO: [USF-XSim-2] XSim::Compile design
INFO: [USF-XSim-61] Executing 'COMPILE and ANALYZE' step in 'C:/HamzaMateen/Architecture/_20_lab_sub_version/_18_lab.sim/sim_1/behav/xsim'
"xvlog --incr --relax -prj tb_processor_vlog.prj"
INFO: [USF-XSim-69] 'compile' step finished in '1' seconds
INFO: [USF-XSim-3] XSim::Elaborate design
INFO: [USF-XSim-61] Executing 'ELABORATE' step in 'C:/HamzaMateen/Architecture/_20_lab_sub_version/_18_lab.sim/sim_1/behav/xsim'
"xelab -wto 25ffab6ff29848fd97b8d1aa516543f1 --incr --debug typical --relax --mt 2 -L xil_defaultlib -L unisims_ver -L unimacro_ver -L secureip --snapshot tb_processor_behav xil_defaultlib.tb_processor xil_defaultlib.glbl -log elaborate.log"
Vivado Simulator 2019.1
Copyright 1986-1999, 2001-2019 Xilinx, Inc. All Rights Reserved.
Running: C:/Xilinx/Vivado/2019.1/bin/unwrapped/win64.o/xelab.exe -wto 25ffab6ff29848fd97b8d1aa516543f1 --incr --debug typical --relax --mt 2 -L xil_defaultlib -L unisims_ver -L unimacro_ver -L secureip --snapshot tb_processor_behav xil_defaultlib.tb_processor xil_defaultlib.glbl -log elaborate.log 
Using 2 slave threads.
Starting static elaboration
WARNING: [VRFC 10-3091] actual bit length 8 differs from formal bit length 7 for port 'funct7' [C:/HamzaMateen/Architecture/_20_lab_sub_version/_18_lab.srcs/sources_1/new/processor.sv:119]
Completed static elaboration
INFO: [XSIM 43-4323] No Change in HDL. Linking previously generated obj files to create kernel
INFO: [USF-XSim-69] 'elaborate' step finished in '1' seconds
INFO: [USF-XSim-4] XSim::Simulate design
INFO: [USF-XSim-61] Executing 'SIMULATE' step in 'C:/HamzaMateen/Architecture/_20_lab_sub_version/_18_lab.sim/sim_1/behav/xsim'
INFO: [USF-XSim-98] *** Running xsim
   with args "tb_processor_behav -key {Behavioral:sim_1:Functional:tb_processor} -tclbatch {tb_processor.tcl} -view {C:/HamzaMateen/Architecture/_20_lab_sub_version/tb_register_file_behav.wcfg} -log {simulate.log}"
INFO: [USF-XSim-8] Loading simulator feature
Vivado Simulator 2019.1
Time resolution is 1 ps
open_wave_config C:/HamzaMateen/Architecture/_20_lab_sub_version/tb_register_file_behav.wcfg
source tb_processor.tcl
# set curr_wave [current_wave_config]
# if { [string length $curr_wave] == 0 } {
#   if { [llength [get_objects]] > 0} {
#     add_wave /
#     set_property needs_save false [current_wave_config]
#   } else {
#      send_msg_id Add_Wave-1 WARNING "No top level signals found. Simulator will start without a wave window. If you want to open a wave window go to 'File->New Waveform Configuration' or type 'create_wave_config' in the TCL console."
#   }
# }
# run 1000ns
INFO: [USF-XSim-96] XSim completed. Design snapshot 'tb_processor_behav' loaded.
INFO: [USF-XSim-97] XSim simulation ran for 1000ns
launch_simulation: Time (s): cpu = 00:00:08 ; elapsed = 00:00:06 . Memory (MB): peak = 811.465 ; gain = 74.219
close_sim
INFO: [Simtcl 6-16] Simulation closed
exit
INFO: [Common 17-206] Exiting Vivado at Sat Sep  6 10:10:42 2025...
